#
# There is insufficient memory for the Java Runtime Environment to continue.
# Native memory allocation (malloc) failed to allocate 344656 bytes for Chunk::new
# Possible reasons:
#   The system is out of physical RAM or swap space
#   In 32 bit mode, the process size limit was hit
# Possible solutions:
#   Reduce memory load on the system
#   Increase physical memory or swap space
#   Check if swap backing store is full
#   Use 64 bit Java on a 64 bit OS
#   Decrease Java heap size (-Xmx/-Xms)
#   Decrease number of Java threads
#   Decrease Java thread stack sizes (-Xss)
#   Set larger code cache with -XX:ReservedCodeCacheSize=
# This output file may be truncated or incomplete.
#
#  Out of Memory Error (allocation.cpp:390), pid=12648, tid=0x00000000000024a0
#
# JRE version: OpenJDK Runtime Environment (8.0_152-b02) (build 1.8.0_152-release-1024-b02)
# Java VM: OpenJDK 64-Bit Server VM (25.152-b02 mixed mode windows-amd64 compressed oops)
# Failed to write core dump. Minidumps are not enabled by default on client versions of Windows
#

---------------  T H R E A D  ---------------

Current thread (0x00000000187cc800):  JavaThread "C2 CompilerThread0" daemon [_thread_in_native, id=9376, stack(0x0000000019f30000,0x000000001a030000)]

Stack: [0x0000000019f30000,0x000000001a030000]
[error occurred during error reporting (printing stack bounds), id 0xc0000005]

Native frames: (J=compiled Java code, j=interpreted, Vv=VM code, C=native code)


Current CompileTask:
C2:   6057 1514   !   4       java.net.URLClassLoader$1::run (63 bytes)


---------------  P R O C E S S  ---------------

Java Threads: ( => current thread )
  0x000000001d722000 JavaThread "Cache worker for file hash cache (C:\Users\Daniel\Documents\GitHub\Moviles-Kotlin\Aplicacion_kotlin\.gradle\4.4\fileHashes)" [_thread_blocked, id=11708, stack(0x000000001e470000,0x000000001e570000)]
  0x000000001bc1e000 JavaThread "File lock request listener" [_thread_in_native, id=17036, stack(0x000000001d3a0000,0x000000001d4a0000)]
  0x000000001ba33800 JavaThread "Cache worker for file hash cache (C:\Users\Daniel\.gradle\caches\4.4\fileHashes)" [_thread_blocked, id=9820, stack(0x000000001d2a0000,0x000000001d3a0000)]
  0x000000001b95c000 JavaThread "Stdin handler" [_thread_blocked, id=9140, stack(0x000000001cfa0000,0x000000001d0a0000)]
  0x000000001b971800 JavaThread "Asynchronous log dispatcher for DefaultDaemonConnection: socket connection from /127.0.0.1:53527 to /127.0.0.1:53528" [_thread_blocked, id=5380, stack(0x000000001cea0000,0x000000001cfa0000)]
  0x000000001b961800 JavaThread "Daemon worker" [_thread_in_Java, id=13168, stack(0x000000001cda0000,0x000000001cea0000)]
  0x000000001b975800 JavaThread "Cancel handler" [_thread_blocked, id=14116, stack(0x000000001cca0000,0x000000001cda0000)]
  0x000000001b7ec000 JavaThread "Handler for socket connection from /127.0.0.1:53527 to /127.0.0.1:53528" [_thread_in_native, id=6376, stack(0x000000001c9a0000,0x000000001caa0000)]
  0x000000001b7e9800 JavaThread "Daemon" [_thread_blocked, id=944, stack(0x000000001c8a0000,0x000000001c9a0000)]
  0x000000001b5b9800 JavaThread "Daemon periodic checks" [_thread_blocked, id=15776, stack(0x000000001c7a0000,0x000000001c8a0000)]
  0x000000001b7f4800 JavaThread "Incoming local TCP Connector on port 53527" [_thread_in_native, id=11456, stack(0x000000001c540000,0x000000001c640000)]
  0x000000001a25c000 JavaThread "Service Thread" daemon [_thread_blocked, id=7624, stack(0x000000001a630000,0x000000001a730000)]
  0x00000000187d4000 JavaThread "C1 CompilerThread2" daemon [_thread_blocked, id=11124, stack(0x000000001a130000,0x000000001a230000)]
  0x00000000187ce800 JavaThread "C2 CompilerThread1" daemon [_thread_in_native, id=12728, stack(0x000000001a030000,0x000000001a130000)]
=>0x00000000187cc800 JavaThread "C2 CompilerThread0" daemon [_thread_in_native, id=9376, stack(0x0000000019f30000,0x000000001a030000)]
  0x00000000187da000 JavaThread "Attach Listener" daemon [_thread_blocked, id=16328, stack(0x0000000019e30000,0x0000000019f30000)]
  0x00000000187d6800 JavaThread "Signal Dispatcher" daemon [_thread_blocked, id=5872, stack(0x0000000019d30000,0x0000000019e30000)]
  0x0000000004e5c800 JavaThread "Finalizer" daemon [_thread_blocked, id=4048, stack(0x0000000019a20000,0x0000000019b20000)]
  0x0000000004e51800 JavaThread "Reference Handler" daemon [_thread_blocked, id=11304, stack(0x0000000019920000,0x0000000019a20000)]
  0x0000000004d62800 JavaThread "main" [_thread_blocked, id=10088, stack(0x0000000004ba0000,0x0000000004ca0000)]

Other Threads:
  0x0000000018795000 VMThread [stack: 0x0000000019820000,0x0000000019920000] [id=9960]
  0x000000001882e800 WatcherThread [stack: 0x000000001a730000,0x000000001a830000] [id=10712]

VM state:not at safepoint (normal execution)

VM Mutex/Monitor currently owned by a thread: None

Heap:
 PSYoungGen      total 38400K, used 22807K [0x00000000e0000000, 0x00000000e4b00000, 0x0000000100000000)
  eden space 33280K, 53% used [0x00000000e0000000,0x00000000e1146a10,0x00000000e2080000)
  from space 5120K, 99% used [0x00000000e2080000,0x00000000e257f508,0x00000000e2580000)
  to   space 5120K, 0% used [0x00000000e4600000,0x00000000e4600000,0x00000000e4b00000)
 ParOldGen       total 87552K, used 2298K [0x00000000a0000000, 0x00000000a5580000, 0x00000000e0000000)
  object space 87552K, 2% used [0x00000000a0000000,0x00000000a023e9b0,0x00000000a5580000)
 Metaspace       used 15982K, capacity 16276K, committed 16512K, reserved 1062912K
  class space    used 2276K, capacity 2413K, committed 2432K, reserved 1048576K

Card table byte_map: [0x0000000014220000,0x0000000014530000] byte_map_base: 0x0000000013d20000

Marking Bits: (ParMarkBitMap*) 0x0000000057ec4970
 Begin Bits: [0x0000000014b30000, 0x0000000016330000)
 End Bits:   [0x0000000016330000, 0x0000000017b30000)

Polling page: 0x0000000002ea0000

CodeCache: size=245760Kb used=5138Kb max_used=5138Kb free=240621Kb
 bounds [0x0000000004e60000, 0x0000000005370000, 0x0000000013e60000]
 total_blobs=1894 nmethods=1521 adapters=286
 compilation: enabled

Compilation events (10 events):
Event: 5.689 Thread 0x00000000187d4000 1519       3       java.util.HashMap::afterNodeRemoval (1 bytes)
Event: 5.690 Thread 0x00000000187d4000 nmethod 1519 0x0000000005364f90 code [0x00000000053650e0, 0x0000000005365230]
Event: 5.713 Thread 0x00000000187d4000 1521       3       org.gradle.internal.service.DefaultServiceRegistry$ParentServices::wrap (10 bytes)
Event: 5.713 Thread 0x00000000187d4000 nmethod 1521 0x0000000005365290 code [0x0000000005365400, 0x0000000005365690]
Event: 5.713 Thread 0x00000000187d4000 1523       3       org.gradle.internal.service.DefaultServiceRegistry$ParameterizedTypeSpec::isSatisfiedBy (9 bytes)
Event: 5.713 Thread 0x00000000187d4000 nmethod 1523 0x0000000005365790 code [0x0000000005365900, 0x0000000005365ba8]
Event: 5.713 Thread 0x00000000187d4000 1522       3       org.gradle.internal.service.DefaultServiceRegistry$ParentServices$1::<init> (15 bytes)
Event: 5.713 Thread 0x00000000187d4000 nmethod 1522 0x0000000005365c50 code [0x0000000005365da0, 0x0000000005365f70]
Event: 5.891 Thread 0x00000000187d4000 1524       3       java.util.jar.JarFile::getManEntry (83 bytes)
Event: 5.892 Thread 0x00000000187d4000 nmethod 1524 0x0000000005366010 code [0x0000000005366200, 0x0000000005366c48]

GC Heap History (6 events):
Event: 1.507 GC heap before
{Heap before GC invocations=1 (full 0):
 PSYoungGen      total 38400K, used 33280K [0x00000000e0000000, 0x00000000e2a80000, 0x0000000100000000)
  eden space 33280K, 100% used [0x00000000e0000000,0x00000000e2080000,0x00000000e2080000)
  from space 5120K, 0% used [0x00000000e2580000,0x00000000e2580000,0x00000000e2a80000)
  to   space 5120K, 0% used [0x00000000e2080000,0x00000000e2080000,0x00000000e2580000)
 ParOldGen       total 87552K, used 0K [0x00000000a0000000, 0x00000000a5580000, 0x00000000e0000000)
  object space 87552K, 0% used [0x00000000a0000000,0x00000000a0000000,0x00000000a5580000)
 Metaspace       used 6831K, capacity 6984K, committed 7168K, reserved 1056768K
  class space    used 832K, capacity 909K, committed 1024K, reserved 1048576K
Event: 1.520 GC heap after
Heap after GC invocations=1 (full 0):
 PSYoungGen      total 38400K, used 4100K [0x00000000e0000000, 0x00000000e2a80000, 0x0000000100000000)
  eden space 33280K, 0% used [0x00000000e0000000,0x00000000e0000000,0x00000000e2080000)
  from space 5120K, 80% used [0x00000000e2080000,0x00000000e24810b8,0x00000000e2580000)
  to   space 5120K, 0% used [0x00000000e2580000,0x00000000e2580000,0x00000000e2a80000)
 ParOldGen       total 87552K, used 8K [0x00000000a0000000, 0x00000000a5580000, 0x00000000e0000000)
  object space 87552K, 0% used [0x00000000a0000000,0x00000000a0002000,0x00000000a5580000)
 Metaspace       used 6831K, capacity 6984K, committed 7168K, reserved 1056768K
  class space    used 832K, capacity 909K, committed 1024K, reserved 1048576K
}
Event: 4.498 GC heap before
{Heap before GC invocations=2 (full 0):
 PSYoungGen      total 38400K, used 37380K [0x00000000e0000000, 0x00000000e2a80000, 0x0000000100000000)
  eden space 33280K, 100% used [0x00000000e0000000,0x00000000e2080000,0x00000000e2080000)
  from space 5120K, 80% used [0x00000000e2080000,0x00000000e24810b8,0x00000000e2580000)
  to   space 5120K, 0% used [0x00000000e2580000,0x00000000e2580000,0x00000000e2a80000)
 ParOldGen       total 87552K, used 8K [0x00000000a0000000, 0x00000000a5580000, 0x00000000e0000000)
  object space 87552K, 0% used [0x00000000a0000000,0x00000000a0002000,0x00000000a5580000)
 Metaspace       used 11278K, capacity 11548K, committed 11904K, reserved 1058816K
  class space    used 1494K, capacity 1595K, committed 1664K, reserved 1048576K
Event: 4.506 GC heap after
Heap after GC invocations=2 (full 0):
 PSYoungGen      total 38400K, used 5117K [0x00000000e0000000, 0x00000000e2a80000, 0x0000000100000000)
  eden space 33280K, 0% used [0x00000000e0000000,0x00000000e0000000,0x00000000e2080000)
  from space 5120K, 99% used [0x00000000e2580000,0x00000000e2a7f788,0x00000000e2a80000)
  to   space 5120K, 0% used [0x00000000e2080000,0x00000000e2080000,0x00000000e2580000)
 ParOldGen       total 87552K, used 389K [0x00000000a0000000, 0x00000000a5580000, 0x00000000e0000000)
  object space 87552K, 0% used [0x00000000a0000000,0x00000000a0061670,0x00000000a5580000)
 Metaspace       used 11278K, capacity 11548K, committed 11904K, reserved 1058816K
  class space    used 1494K, capacity 1595K, committed 1664K, reserved 1048576K
}
Event: 5.141 GC heap before
{Heap before GC invocations=3 (full 0):
 PSYoungGen      total 38400K, used 38397K [0x00000000e0000000, 0x00000000e2a80000, 0x0000000100000000)
  eden space 33280K, 100% used [0x00000000e0000000,0x00000000e2080000,0x00000000e2080000)
  from space 5120K, 99% used [0x00000000e2580000,0x00000000e2a7f788,0x00000000e2a80000)
  to   space 5120K, 0% used [0x00000000e2080000,0x00000000e2080000,0x00000000e2580000)
 ParOldGen       total 87552K, used 389K [0x00000000a0000000, 0x00000000a5580000, 0x00000000e0000000)
  object space 87552K, 0% used [0x00000000a0000000,0x00000000a0061670,0x00000000a5580000)
 Metaspace       used 14403K, capacity 14772K, committed 14976K, reserved 1062912K
  class space    used 2010K, capacity 2125K, committed 2176K, reserved 1048576K
Event: 5.157 GC heap after
Heap after GC invocations=3 (full 0):
 PSYoungGen      total 38400K, used 5117K [0x00000000e0000000, 0x00000000e4b00000, 0x0000000100000000)
  eden space 33280K, 0% used [0x00000000e0000000,0x00000000e0000000,0x00000000e2080000)
  from space 5120K, 99% used [0x00000000e2080000,0x00000000e257f508,0x00000000e2580000)
  to   space 5120K, 0% used [0x00000000e4600000,0x00000000e4600000,0x00000000e4b00000)
 ParOldGen       total 87552K, used 2298K [0x00000000a0000000, 0x00000000a5580000, 0x00000000e0000000)
  object space 87552K, 2% used [0x00000000a0000000,0x00000000a023e9b0,0x00000000a5580000)
 Metaspace       used 14403K, capacity 14772K, committed 14976K, reserved 1062912K
  class space    used 2010K, capacity 2125K, committed 2176K, reserved 1048576K
}

Deoptimization events (10 events):
Event: 3.251 Thread 0x0000000004d62800 Uncommon trap: reason=unstable_if action=reinterpret pc=0x000000000511f9dc method=java.io.WinNTFileSystem.normalize(Ljava/lang/String;)Ljava/lang/String; @ 128
Event: 3.252 Thread 0x0000000004d62800 Uncommon trap: reason=unstable_if action=reinterpret pc=0x000000000518089c method=java.io.WinNTFileSystem.normalize(Ljava/lang/String;II)Ljava/lang/String; @ 90
Event: 4.518 Thread 0x000000001b7ec000 Uncommon trap: reason=unstable_if action=reinterpret pc=0x0000000005201614 method=java.util.concurrent.ConcurrentHashMap.putVal(Ljava/lang/Object;Ljava/lang/Object;Z)Ljava/lang/Object; @ 206
Event: 4.639 Thread 0x000000001b961800 Uncommon trap: reason=bimorphic action=maybe_recompile pc=0x000000000518d060 method=java.util.HashMap.putVal(ILjava/lang/Object;Ljava/lang/Object;ZZ)Ljava/lang/Object; @ 253
Event: 4.639 Thread 0x000000001b961800 Uncommon trap: reason=bimorphic action=maybe_recompile pc=0x000000000518d060 method=java.util.HashMap.putVal(ILjava/lang/Object;Ljava/lang/Object;ZZ)Ljava/lang/Object; @ 253
Event: 4.639 Thread 0x000000001b961800 Uncommon trap: reason=bimorphic action=maybe_recompile pc=0x00000000052c7cbc method=java.util.HashMap.putVal(ILjava/lang/Object;Ljava/lang/Object;ZZ)Ljava/lang/Object; @ 253
Event: 4.660 Thread 0x000000001b961800 Uncommon trap: reason=class_check action=maybe_recompile pc=0x00000000050fc798 method=java.util.regex.Matcher.match(II)Z @ 86
Event: 5.015 Thread 0x000000001b961800 Uncommon trap: reason=class_check action=maybe_recompile pc=0x00000000050fc798 method=java.util.regex.Matcher.match(II)Z @ 86
Event: 5.015 Thread 0x000000001b961800 Uncommon trap: reason=class_check action=maybe_recompile pc=0x00000000050c969c method=java.util.regex.Matcher.match(II)Z @ 86
Event: 5.168 Thread 0x000000001b961800 Uncommon trap: reason=unstable_if action=reinterpret pc=0x00000000052f1034 method=java.lang.String.lastIndexOf([CII[CIII)I @ 66

Classes redefined (0 events):
No events

Internal exceptions (10 events):
Event: 4.545 Thread 0x000000001b7ec000 Exception <a 'java/lang/NoSuchMethodError': <clinit>> (0x00000000e00e6270) thrown at [D:\src\AOSP-openjdk-cygwin\jdk8u\hotspot\src\share\vm\prims\jni.cpp, line 1613]
Event: 4.548 Thread 0x000000001b7ec000 Exception <a 'java/lang/NoSuchMethodError': <clinit>> (0x00000000e00fdd88) thrown at [D:\src\AOSP-openjdk-cygwin\jdk8u\hotspot\src\share\vm\prims\jni.cpp, line 1613]
Event: 4.550 Thread 0x000000001b7ec000 Exception <a 'java/lang/NoSuchMethodError': <clinit>> (0x00000000e0106850) thrown at [D:\src\AOSP-openjdk-cygwin\jdk8u\hotspot\src\share\vm\prims\jni.cpp, line 1613]
Event: 4.552 Thread 0x000000001b7ec000 Exception <a 'java/lang/NoSuchMethodError': <clinit>> (0x00000000e0117ed0) thrown at [D:\src\AOSP-openjdk-cygwin\jdk8u\hotspot\src\share\vm\prims\jni.cpp, line 1613]
Event: 4.572 Thread 0x000000001b7ec000 Exception <a 'java/lang/NoSuchMethodError': <clinit>> (0x00000000e0184b68) thrown at [D:\src\AOSP-openjdk-cygwin\jdk8u\hotspot\src\share\vm\prims\jni.cpp, line 1613]
Event: 4.579 Thread 0x000000001b7ec000 Exception <a 'java/lang/NoSuchMethodError': <clinit>> (0x00000000e01a84c8) thrown at [D:\src\AOSP-openjdk-cygwin\jdk8u\hotspot\src\share\vm\prims\jni.cpp, line 1613]
Event: 4.586 Thread 0x000000001b7ec000 Exception <a 'java/lang/NoSuchMethodError': <clinit>> (0x00000000e01c3410) thrown at [D:\src\AOSP-openjdk-cygwin\jdk8u\hotspot\src\share\vm\prims\jni.cpp, line 1613]
Event: 4.591 Thread 0x000000001b7ec000 Exception <a 'java/lang/NoSuchMethodError': <clinit>> (0x00000000e01eab50) thrown at [D:\src\AOSP-openjdk-cygwin\jdk8u\hotspot\src\share\vm\prims\jni.cpp, line 1613]
Event: 4.621 Thread 0x000000001b961800 Exception <a 'java/lang/NoSuchMethodError': <clinit>> (0x00000000e035ec80) thrown at [D:\src\AOSP-openjdk-cygwin\jdk8u\hotspot\src\share\vm\prims\jni.cpp, line 1613]
Event: 4.623 Thread 0x000000001b961800 Exception <a 'java/lang/NoSuchMethodError': <clinit>> (0x00000000e0366f08) thrown at [D:\src\AOSP-openjdk-cygwin\jdk8u\hotspot\src\share\vm\prims\jni.cpp, line 1613]

Events (10 events):
Event: 6.030 loading class org/gradle/initialization/PropertiesLoadingSettingsProcessor
Event: 6.030 loading class org/gradle/initialization/PropertiesLoadingSettingsProcessor done
Event: 6.031 loading class org/gradle/initialization/ScriptEvaluatingSettingsProcessor
Event: 6.031 loading class org/gradle/initialization/ScriptEvaluatingSettingsProcessor done
Event: 6.031 loading class org/gradle/initialization/SettingsFactory
Event: 6.031 loading class org/gradle/initialization/SettingsFactory done
Event: 6.032 loading class org/gradle/api/internal/SettingsInternal
Event: 6.032 loading class org/gradle/api/internal/SettingsInternal done
Event: 6.051 loading class org/gradle/api/initialization/Settings
Event: 6.051 loading class org/gradle/api/initialization/Settings done


Dynamic libraries:
0x00007ff630f30000 - 0x00007ff630f61000 	C:\Program Files\Android\Android Studio\jre\bin\java.exe
0x00007ffdfda80000 - 0x00007ffdfdc60000 	C:\WINDOWS\SYSTEM32\ntdll.dll
0x00007ffdfb2f0000 - 0x00007ffdfb39e000 	C:\WINDOWS\System32\KERNEL32.DLL
0x00007ffdfac30000 - 0x00007ffdfae96000 	C:\WINDOWS\System32\KERNELBASE.dll
0x00007ffdfd6e0000 - 0x00007ffdfd781000 	C:\WINDOWS\System32\ADVAPI32.dll
0x00007ffdfc160000 - 0x00007ffdfc1fd000 	C:\WINDOWS\System32\msvcrt.dll
0x00007ffdfba40000 - 0x00007ffdfba9b000 	C:\WINDOWS\System32\sechost.dll
0x00007ffdfbb00000 - 0x00007ffdfbc1f000 	C:\WINDOWS\System32\RPCRT4.dll
0x00007ffdfd7f0000 - 0x00007ffdfd97f000 	C:\WINDOWS\System32\USER32.dll
0x00007ffdf9f80000 - 0x00007ffdf9fa0000 	C:\WINDOWS\System32\win32u.dll
0x00007ffdfbad0000 - 0x00007ffdfbaf8000 	C:\WINDOWS\System32\GDI32.dll
0x00007ffdfa8c0000 - 0x00007ffdfaa53000 	C:\WINDOWS\System32\gdi32full.dll
0x00007ffdfaae0000 - 0x00007ffdfab7b000 	C:\WINDOWS\System32\msvcp_win.dll
0x00007ffdf9e80000 - 0x00007ffdf9f76000 	C:\WINDOWS\System32\ucrtbase.dll
0x00007ffdeb6f0000 - 0x00007ffdeb959000 	C:\WINDOWS\WinSxS\amd64_microsoft.windows.common-controls_6595b64144ccf1df_6.0.16299.309_none_15cfd4c4935e6b11\COMCTL32.dll
0x00007ffdfbdf0000 - 0x00007ffdfc0f8000 	C:\WINDOWS\System32\combase.dll
0x00007ffdfaa60000 - 0x00007ffdfaad2000 	C:\WINDOWS\System32\bcryptPrimitives.dll
0x00007ffdfba00000 - 0x00007ffdfba2d000 	C:\WINDOWS\System32\IMM32.DLL
0x00000000583d0000 - 0x00000000584a2000 	C:\Program Files\Android\Android Studio\jre\jre\bin\msvcr100.dll
0x0000000057700000 - 0x0000000057f3f000 	C:\Program Files\Android\Android Studio\jre\jre\bin\server\jvm.dll
0x00007ffdfbac0000 - 0x00007ffdfbac8000 	C:\WINDOWS\System32\PSAPI.DLL
0x00007ffdf4380000 - 0x00007ffdf438a000 	C:\WINDOWS\SYSTEM32\VERSION.dll
0x00007ffdee940000 - 0x00007ffdee963000 	C:\WINDOWS\SYSTEM32\WINMM.dll
0x00007ffdec1c0000 - 0x00007ffdec1c9000 	C:\WINDOWS\SYSTEM32\WSOCK32.dll
0x00007ffdfb3a0000 - 0x00007ffdfb40c000 	C:\WINDOWS\System32\WS2_32.dll
0x00007ffdee910000 - 0x00007ffdee93a000 	C:\WINDOWS\SYSTEM32\WINMMBASE.dll
0x00007ffdfab80000 - 0x00007ffdfabca000 	C:\WINDOWS\System32\cfgmgr32.dll
0x00007ffdf5060000 - 0x00007ffdf506f000 	C:\Program Files\Android\Android Studio\jre\jre\bin\verify.dll
0x00007ffded730000 - 0x00007ffded759000 	C:\Program Files\Android\Android Studio\jre\jre\bin\java.dll
0x00007ffdccfc0000 - 0x00007ffdccfd6000 	C:\Program Files\Android\Android Studio\jre\jre\bin\zip.dll
0x00007ffdfc200000 - 0x00007ffdfd636000 	C:\WINDOWS\System32\SHELL32.dll
0x00007ffdfb240000 - 0x00007ffdfb2e6000 	C:\WINDOWS\System32\shcore.dll
0x00007ffdf9fa0000 - 0x00007ffdfa6e7000 	C:\WINDOWS\System32\windows.storage.dll
0x00007ffdfd790000 - 0x00007ffdfd7e1000 	C:\WINDOWS\System32\shlwapi.dll
0x00007ffdf9df0000 - 0x00007ffdf9e01000 	C:\WINDOWS\System32\kernel.appcore.dll
0x00007ffdf9e30000 - 0x00007ffdf9e7c000 	C:\WINDOWS\System32\powrprof.dll
0x00007ffdf9dd0000 - 0x00007ffdf9deb000 	C:\WINDOWS\System32\profapi.dll
0x00007ffdf21b0000 - 0x00007ffdf21ca000 	C:\Program Files\Android\Android Studio\jre\jre\bin\net.dll
0x00007ffdf9600000 - 0x00007ffdf9666000 	C:\WINDOWS\system32\mswsock.dll
0x00007ffdcc920000 - 0x00007ffdcc931000 	C:\Program Files\Android\Android Studio\jre\jre\bin\nio.dll
0x00007ffdf6f90000 - 0x00007ffdf6fae000 	C:\Users\Daniel\.gradle\native\25\windows-amd64\native-platform.dll
0x00007ffdf5070000 - 0x00007ffdf507d000 	C:\Program Files\Android\Android Studio\jre\jre\bin\management.dll
0x00007ffdf97c0000 - 0x00007ffdf97d7000 	C:\WINDOWS\SYSTEM32\CRYPTSP.dll
0x00007ffdf9200000 - 0x00007ffdf9233000 	C:\WINDOWS\system32\rsaenh.dll
0x00007ffdf98d0000 - 0x00007ffdf98f5000 	C:\WINDOWS\SYSTEM32\bcrypt.dll
0x00007ffdf9d00000 - 0x00007ffdf9d29000 	C:\WINDOWS\SYSTEM32\USERENV.dll
0x00007ffdf97e0000 - 0x00007ffdf97eb000 	C:\WINDOWS\SYSTEM32\CRYPTBASE.dll
0x00007ffdf9390000 - 0x00007ffdf93c9000 	C:\WINDOWS\SYSTEM32\IPHLPAPI.DLL
0x00007ffdfba30000 - 0x00007ffdfba38000 	C:\WINDOWS\System32\NSI.dll
0x00007ffdf2370000 - 0x00007ffdf2386000 	C:\WINDOWS\SYSTEM32\dhcpcsvc6.DLL
0x00007ffdf2350000 - 0x00007ffdf236a000 	C:\WINDOWS\SYSTEM32\dhcpcsvc.DLL

VM Arguments:
jvm_args: -Xmx1536m -Dfile.encoding=windows-1252 -Duser.country=419 -Duser.language=es -Duser.variant 
java_command: org.gradle.launcher.daemon.bootstrap.GradleDaemon 4.4
java_class_path (initial): C:\Users\Daniel\.gradle\wrapper\dists\gradle-4.4-all\9br9xq1tocpiv8o6njlyu5op1\gradle-4.4\lib\gradle-launcher-4.4.jar
Launcher Type: SUN_STANDARD

Environment Variables:
PATH=C:\oracle\product\10.2.0\db_3\bin;C:\oracle\product\10.2.0\db_2\bin;C:\oracle\product\10.2.0\db_1\bin;C:\oracle\product\10.2.0\db_4\bin;C:\ProgramData\Oracle\Java\javapath;C:\Program Files\Microsoft MPI\Bin\;C:\Program Files\Broadcom\Broadcom 802.11 Network Adapter;C:\Program Files\MiKTeX 2.9\miktex\bin\x64\;C:\Program Files\PuTTY\;C:\Program Files (x86)\Common Files\Acronis\SnapAPI\;C:\Program Files\Microsoft SQL Server\130\Tools\Binn\;C:\WINDOWS\system32;C:\WINDOWS;C:\WINDOWS\System32\Wbem;C:\WINDOWS\System32\WindowsPowerShell\v1.0\;C:\Program Files (x86)\Microsoft SQL Server\110\DTS\Binn\;C:\Program Files (x86)\Microsoft SQL Server\120\DTS\Binn\;C:\Program Files (x86)\Microsoft SQL Server\130\DTS\Binn\;C:\Program Files (x86)\Microsoft SQL Server\140\DTS\Binn\;C:\Program Files\nodejs\;C:\Users\Daniel\AppData\Local\Microsoft\WindowsApps;C:\Users\Daniel\AppData\Local\atom\bin;C:\Users\Daniel\AppData\Local\GitHubDesktop\bin;C:\Users\Daniel\AppData\Roaming\npm;%USERPROFILE%\AppData\Local\Microsoft\WindowsApps;
USERNAME=Daniel
OS=Windows_NT
PROCESSOR_IDENTIFIER=Intel64 Family 6 Model 58 Stepping 9, GenuineIntel



---------------  S Y S T E M  ---------------

OS: Windows 10.0 , 64 bit Build 16299 (10.0.16299.15)

CPU:total 4 (initial active 4) (2 cores per cpu, 2 threads per core) family 6 model 58 stepping 9, cmov, cx8, fxsr, mmx, sse, sse2, sse3, ssse3, sse4.1, sse4.2, popcnt, avx, aes, clmul, erms, ht, tsc, tscinvbit, tscinv

Memory: 4k page, physical 8264500k(1700000k free), swap 8264500k(7712k free)

vm_info: OpenJDK 64-Bit Server VM (25.152-b02) for windows-amd64 JRE (1.8.0_152-release-1024-b02), built by "builder" with MS VC++ 10.0 (VS2010)

time: Wed Apr 11 10:31:53 2018
elapsed time: 6 seconds (0d 0h 0m 6s)

