#
# There is insufficient memory for the Java Runtime Environment to continue.
# Native memory allocation (malloc) failed to allocate 1160656 bytes for Chunk::new
# Possible reasons:
#   The system is out of physical RAM or swap space
#   In 32 bit mode, the process size limit was hit
# Possible solutions:
#   Reduce memory load on the system
#   Increase physical memory or swap space
#   Check if swap backing store is full
#   Use 64 bit Java on a 64 bit OS
#   Decrease Java heap size (-Xmx/-Xms)
#   Decrease number of Java threads
#   Decrease Java thread stack sizes (-Xss)
#   Set larger code cache with -XX:ReservedCodeCacheSize=
# This output file may be truncated or incomplete.
#
#  Out of Memory Error (allocation.cpp:390), pid=12416, tid=0x0000000000003210
#
# JRE version: OpenJDK Runtime Environment (8.0_152-b02) (build 1.8.0_152-release-1024-b02)
# Java VM: OpenJDK 64-Bit Server VM (25.152-b02 mixed mode windows-amd64 compressed oops)
# Failed to write core dump. Minidumps are not enabled by default on client versions of Windows
#

---------------  T H R E A D  ---------------

Current thread (0x0000000017e5f000):  JavaThread "C2 CompilerThread0" daemon [_thread_in_native, id=12816, stack(0x0000000019610000,0x0000000019710000)]

Stack: [0x0000000019610000,0x0000000019710000]
[error occurred during error reporting (printing stack bounds), id 0xc0000005]

Native frames: (J=compiled Java code, j=interpreted, Vv=VM code, C=native code)


Current CompileTask:
C2:   5642 1505   !   4       java.net.URLClassLoader$1::run (63 bytes)


---------------  P R O C E S S  ---------------

Java Threads: ( => current thread )
  0x000000001b504800 JavaThread "Cache worker for file hash cache (C:\Users\Daniel\Documents\GitHub\Moviles-Kotlin\Aplicacion_kotlin\.gradle\4.4\fileHashes)" [_thread_blocked, id=12356, stack(0x000000001db50000,0x000000001dc50000)]
  0x000000001b01c000 JavaThread "File lock request listener" [_thread_in_native, id=11052, stack(0x000000001ca80000,0x000000001cb80000)]
  0x000000001b02e000 JavaThread "Cache worker for file hash cache (C:\Users\Daniel\.gradle\caches\4.4\fileHashes)" [_thread_blocked, id=12184, stack(0x000000001c980000,0x000000001ca80000)]
  0x000000001af8b000 JavaThread "Stdin handler" [_thread_blocked, id=4936, stack(0x000000001c680000,0x000000001c780000)]
  0x000000001af8a000 JavaThread "Asynchronous log dispatcher for DefaultDaemonConnection: socket connection from /127.0.0.1:53443 to /127.0.0.1:53444" [_thread_blocked, id=14864, stack(0x000000001c580000,0x000000001c680000)]
  0x000000001aec2000 JavaThread "Daemon worker" [_thread_in_native, id=16284, stack(0x000000001c480000,0x000000001c580000)]
  0x000000001aedf000 JavaThread "Cancel handler" [_thread_blocked, id=8968, stack(0x000000001c380000,0x000000001c480000)]
  0x000000001aea9000 JavaThread "Handler for socket connection from /127.0.0.1:53443 to /127.0.0.1:53444" [_thread_in_native, id=8548, stack(0x000000001c080000,0x000000001c180000)]
  0x000000001aea8800 JavaThread "Daemon" [_thread_blocked, id=2072, stack(0x000000001bf80000,0x000000001c080000)]
  0x000000001b0c2000 JavaThread "Daemon periodic checks" [_thread_blocked, id=6616, stack(0x000000001be80000,0x000000001bf80000)]
  0x000000001ae19000 JavaThread "Incoming local TCP Connector on port 53443" [_thread_in_native, id=9504, stack(0x000000001bc20000,0x000000001bd20000)]
  0x0000000019931800 JavaThread "Service Thread" daemon [_thread_blocked, id=3604, stack(0x0000000019d10000,0x0000000019e10000)]
  0x0000000017e64000 JavaThread "C1 CompilerThread2" daemon [_thread_blocked, id=6344, stack(0x0000000019810000,0x0000000019910000)]
  0x0000000017e60800 JavaThread "C2 CompilerThread1" daemon [_thread_in_native, id=220, stack(0x0000000019710000,0x0000000019810000)]
=>0x0000000017e5f000 JavaThread "C2 CompilerThread0" daemon [_thread_in_native, id=12816, stack(0x0000000019610000,0x0000000019710000)]
  0x0000000017e68800 JavaThread "Attach Listener" daemon [_thread_blocked, id=3776, stack(0x0000000019510000,0x0000000019610000)]
  0x0000000017e67000 JavaThread "Signal Dispatcher" daemon [_thread_blocked, id=1352, stack(0x0000000019410000,0x0000000019510000)]
  0x0000000017e48800 JavaThread "Finalizer" daemon [_thread_blocked, id=5300, stack(0x0000000019100000,0x0000000019200000)]
  0x00000000044e1800 JavaThread "Reference Handler" daemon [_thread_blocked, id=1660, stack(0x0000000019000000,0x0000000019100000)]
  0x00000000043f2800 JavaThread "main" [_thread_blocked, id=11092, stack(0x00000000042f0000,0x00000000043f0000)]

Other Threads:
  0x0000000017e25000 VMThread [stack: 0x0000000018f00000,0x0000000019000000] [id=5676]
  0x0000000019932000 WatcherThread [stack: 0x0000000019e10000,0x0000000019f10000] [id=980]

VM state:not at safepoint (normal execution)

VM Mutex/Monitor currently owned by a thread: None

Heap:
 PSYoungGen      total 38400K, used 16303K [0x00000000e0000000, 0x00000000e2a80000, 0x0000000100000000)
  eden space 33280K, 33% used [0x00000000e0000000,0x00000000e0aee100,0x00000000e2080000)
  from space 5120K, 99% used [0x00000000e2080000,0x00000000e257dd78,0x00000000e2580000)
  to   space 5120K, 0% used [0x00000000e2580000,0x00000000e2580000,0x00000000e2a80000)
 ParOldGen       total 87552K, used 2242K [0x00000000a0000000, 0x00000000a5580000, 0x00000000e0000000)
  object space 87552K, 2% used [0x00000000a0000000,0x00000000a0230b90,0x00000000a5580000)
 Metaspace       used 15622K, capacity 16024K, committed 16256K, reserved 1062912K
  class space    used 2200K, capacity 2349K, committed 2432K, reserved 1048576K

Card table byte_map: [0x00000000138b0000,0x0000000013bc0000] byte_map_base: 0x00000000133b0000

Marking Bits: (ParMarkBitMap*) 0x0000000057ec4970
 Begin Bits: [0x00000000141c0000, 0x00000000159c0000)
 End Bits:   [0x00000000159c0000, 0x00000000171c0000)

Polling page: 0x0000000002630000

CodeCache: size=245760Kb used=5167Kb max_used=5167Kb free=240592Kb
 bounds [0x00000000044f0000, 0x0000000004a00000, 0x00000000134f0000]
 total_blobs=1882 nmethods=1509 adapters=286
 compilation: enabled

Compilation events (10 events):
Event: 5.480 Thread 0x0000000017e64000 1508       3       org.objectweb.asm.Item::set (143 bytes)
Event: 5.480 Thread 0x0000000017e64000 nmethod 1508 0x00000000049fce50 code [0x00000000049fd000, 0x00000000049fd6b8]
Event: 5.509 Thread 0x0000000017e64000 1509       3       java.util.IdentityHashMap::nextKeyIndex (15 bytes)
Event: 5.509 Thread 0x0000000017e64000 nmethod 1509 0x00000000049fd950 code [0x00000000049fdaa0, 0x00000000049fdc30]
Event: 5.509 Thread 0x0000000017e64000 1512       3       org.gradle.internal.service.DefaultServiceRegistry$DefaultLookupContext::getServiceProvider (45 bytes)
Event: 5.510 Thread 0x0000000017e64000 nmethod 1512 0x00000000049fdc90 code [0x00000000049fde60, 0x00000000049fe538]
Event: 5.510 Thread 0x0000000017e64000 1510       3       java.util.HashSet::remove (20 bytes)
Event: 5.510 Thread 0x0000000017e64000 nmethod 1510 0x00000000049fe750 code [0x00000000049fe8c0, 0x00000000049feb48]
Event: 5.510 Thread 0x0000000017e64000 1511       3       java.util.HashMap::afterNodeRemoval (1 bytes)
Event: 5.510 Thread 0x0000000017e64000 nmethod 1511 0x00000000049fec10 code [0x00000000049fed60, 0x00000000049feeb0]

GC Heap History (6 events):
Event: 1.516 GC heap before
{Heap before GC invocations=1 (full 0):
 PSYoungGen      total 38400K, used 33280K [0x00000000e0000000, 0x00000000e2a80000, 0x0000000100000000)
  eden space 33280K, 100% used [0x00000000e0000000,0x00000000e2080000,0x00000000e2080000)
  from space 5120K, 0% used [0x00000000e2580000,0x00000000e2580000,0x00000000e2a80000)
  to   space 5120K, 0% used [0x00000000e2080000,0x00000000e2080000,0x00000000e2580000)
 ParOldGen       total 87552K, used 0K [0x00000000a0000000, 0x00000000a5580000, 0x00000000e0000000)
  object space 87552K, 0% used [0x00000000a0000000,0x00000000a0000000,0x00000000a5580000)
 Metaspace       used 6827K, capacity 6988K, committed 7168K, reserved 1056768K
  class space    used 832K, capacity 909K, committed 1024K, reserved 1048576K
Event: 1.526 GC heap after
Heap after GC invocations=1 (full 0):
 PSYoungGen      total 38400K, used 4180K [0x00000000e0000000, 0x00000000e2a80000, 0x0000000100000000)
  eden space 33280K, 0% used [0x00000000e0000000,0x00000000e0000000,0x00000000e2080000)
  from space 5120K, 81% used [0x00000000e2080000,0x00000000e2495018,0x00000000e2580000)
  to   space 5120K, 0% used [0x00000000e2580000,0x00000000e2580000,0x00000000e2a80000)
 ParOldGen       total 87552K, used 8K [0x00000000a0000000, 0x00000000a5580000, 0x00000000e0000000)
  object space 87552K, 0% used [0x00000000a0000000,0x00000000a0002000,0x00000000a5580000)
 Metaspace       used 6827K, capacity 6988K, committed 7168K, reserved 1056768K
  class space    used 832K, capacity 909K, committed 1024K, reserved 1048576K
}
Event: 4.005 GC heap before
{Heap before GC invocations=2 (full 0):
 PSYoungGen      total 38400K, used 37460K [0x00000000e0000000, 0x00000000e2a80000, 0x0000000100000000)
  eden space 33280K, 100% used [0x00000000e0000000,0x00000000e2080000,0x00000000e2080000)
  from space 5120K, 81% used [0x00000000e2080000,0x00000000e2495018,0x00000000e2580000)
  to   space 5120K, 0% used [0x00000000e2580000,0x00000000e2580000,0x00000000e2a80000)
 ParOldGen       total 87552K, used 8K [0x00000000a0000000, 0x00000000a5580000, 0x00000000e0000000)
  object space 87552K, 0% used [0x00000000a0000000,0x00000000a0002000,0x00000000a5580000)
 Metaspace       used 11277K, capacity 11552K, committed 11904K, reserved 1058816K
  class space    used 1494K, capacity 1595K, committed 1664K, reserved 1048576K
Event: 4.013 GC heap after
Heap after GC invocations=2 (full 0):
 PSYoungGen      total 38400K, used 5101K [0x00000000e0000000, 0x00000000e2a80000, 0x0000000100000000)
  eden space 33280K, 0% used [0x00000000e0000000,0x00000000e0000000,0x00000000e2080000)
  from space 5120K, 99% used [0x00000000e2580000,0x00000000e2a7b580,0x00000000e2a80000)
  to   space 5120K, 0% used [0x00000000e2080000,0x00000000e2080000,0x00000000e2580000)
 ParOldGen       total 87552K, used 381K [0x00000000a0000000, 0x00000000a5580000, 0x00000000e0000000)
  object space 87552K, 0% used [0x00000000a0000000,0x00000000a005f658,0x00000000a5580000)
 Metaspace       used 11277K, capacity 11552K, committed 11904K, reserved 1058816K
  class space    used 1494K, capacity 1595K, committed 1664K, reserved 1048576K
}
Event: 5.050 GC heap before
{Heap before GC invocations=3 (full 0):
 PSYoungGen      total 38400K, used 38381K [0x00000000e0000000, 0x00000000e2a80000, 0x0000000100000000)
  eden space 33280K, 100% used [0x00000000e0000000,0x00000000e2080000,0x00000000e2080000)
  from space 5120K, 99% used [0x00000000e2580000,0x00000000e2a7b580,0x00000000e2a80000)
  to   space 5120K, 0% used [0x00000000e2080000,0x00000000e2080000,0x00000000e2580000)
 ParOldGen       total 87552K, used 381K [0x00000000a0000000, 0x00000000a5580000, 0x00000000e0000000)
  object space 87552K, 0% used [0x00000000a0000000,0x00000000a005f658,0x00000000a5580000)
 Metaspace       used 14414K, capacity 14840K, committed 14976K, reserved 1062912K
  class space    used 2010K, capacity 2125K, committed 2176K, reserved 1048576K
Event: 5.062 GC heap after
Heap after GC invocations=3 (full 0):
 PSYoungGen      total 38400K, used 5111K [0x00000000e0000000, 0x00000000e2a80000, 0x0000000100000000)
  eden space 33280K, 0% used [0x00000000e0000000,0x00000000e0000000,0x00000000e2080000)
  from space 5120K, 99% used [0x00000000e2080000,0x00000000e257dd78,0x00000000e2580000)
  to   space 5120K, 0% used [0x00000000e2580000,0x00000000e2580000,0x00000000e2a80000)
 ParOldGen       total 87552K, used 2242K [0x00000000a0000000, 0x00000000a5580000, 0x00000000e0000000)
  object space 87552K, 2% used [0x00000000a0000000,0x00000000a0230b90,0x00000000a5580000)
 Metaspace       used 14414K, capacity 14840K, committed 14976K, reserved 1062912K
  class space    used 2010K, capacity 2125K, committed 2176K, reserved 1048576K
}

Deoptimization events (10 events):
Event: 2.688 Thread 0x00000000043f2800 Uncommon trap: reason=unstable_if action=reinterpret pc=0x00000000047a7e1c method=java.io.WinNTFileSystem.normalize(Ljava/lang/String;)Ljava/lang/String; @ 128
Event: 2.688 Thread 0x00000000043f2800 Uncommon trap: reason=unstable_if action=reinterpret pc=0x0000000004814aac method=java.io.WinNTFileSystem.normalize(Ljava/lang/String;II)Ljava/lang/String; @ 90
Event: 4.183 Thread 0x000000001aea9000 Uncommon trap: reason=unstable_if action=reinterpret pc=0x0000000004891610 method=java.util.concurrent.ConcurrentHashMap.putVal(Ljava/lang/Object;Ljava/lang/Object;Z)Ljava/lang/Object; @ 206
Event: 4.405 Thread 0x000000001aec2000 Uncommon trap: reason=bimorphic action=maybe_recompile pc=0x000000000482a060 method=java.util.HashMap.putVal(ILjava/lang/Object;Ljava/lang/Object;ZZ)Ljava/lang/Object; @ 253
Event: 4.405 Thread 0x000000001aec2000 Uncommon trap: reason=bimorphic action=maybe_recompile pc=0x000000000482a060 method=java.util.HashMap.putVal(ILjava/lang/Object;Ljava/lang/Object;ZZ)Ljava/lang/Object; @ 253
Event: 4.405 Thread 0x000000001aec2000 Uncommon trap: reason=bimorphic action=maybe_recompile pc=0x000000000483154c method=java.util.HashMap.putVal(ILjava/lang/Object;Ljava/lang/Object;ZZ)Ljava/lang/Object; @ 253
Event: 4.431 Thread 0x000000001aec2000 Uncommon trap: reason=class_check action=maybe_recompile pc=0x00000000047927d8 method=java.util.regex.Matcher.match(II)Z @ 86
Event: 4.961 Thread 0x000000001aec2000 Uncommon trap: reason=class_check action=maybe_recompile pc=0x00000000047927d8 method=java.util.regex.Matcher.match(II)Z @ 86
Event: 4.961 Thread 0x000000001aec2000 Uncommon trap: reason=class_check action=maybe_recompile pc=0x000000000476775c method=java.util.regex.Matcher.match(II)Z @ 86
Event: 5.071 Thread 0x000000001aec2000 Uncommon trap: reason=unstable_if action=reinterpret pc=0x0000000004986a74 method=java.lang.String.lastIndexOf([CII[CIII)I @ 66

Classes redefined (0 events):
No events

Internal exceptions (10 events):
Event: 4.214 Thread 0x000000001aea9000 Exception <a 'java/lang/NoSuchMethodError': <clinit>> (0x00000000e00e62a0) thrown at [D:\src\AOSP-openjdk-cygwin\jdk8u\hotspot\src\share\vm\prims\jni.cpp, line 1613]
Event: 4.220 Thread 0x000000001aea9000 Exception <a 'java/lang/NoSuchMethodError': <clinit>> (0x00000000e00fddb8) thrown at [D:\src\AOSP-openjdk-cygwin\jdk8u\hotspot\src\share\vm\prims\jni.cpp, line 1613]
Event: 4.222 Thread 0x000000001aea9000 Exception <a 'java/lang/NoSuchMethodError': <clinit>> (0x00000000e0106880) thrown at [D:\src\AOSP-openjdk-cygwin\jdk8u\hotspot\src\share\vm\prims\jni.cpp, line 1613]
Event: 4.225 Thread 0x000000001aea9000 Exception <a 'java/lang/NoSuchMethodError': <clinit>> (0x00000000e0117f00) thrown at [D:\src\AOSP-openjdk-cygwin\jdk8u\hotspot\src\share\vm\prims\jni.cpp, line 1613]
Event: 4.327 Thread 0x000000001aea9000 Exception <a 'java/lang/NoSuchMethodError': <clinit>> (0x00000000e0184b98) thrown at [D:\src\AOSP-openjdk-cygwin\jdk8u\hotspot\src\share\vm\prims\jni.cpp, line 1613]
Event: 4.332 Thread 0x000000001aea9000 Exception <a 'java/lang/NoSuchMethodError': <clinit>> (0x00000000e01a84f8) thrown at [D:\src\AOSP-openjdk-cygwin\jdk8u\hotspot\src\share\vm\prims\jni.cpp, line 1613]
Event: 4.337 Thread 0x000000001aea9000 Exception <a 'java/lang/NoSuchMethodError': <clinit>> (0x00000000e01c3440) thrown at [D:\src\AOSP-openjdk-cygwin\jdk8u\hotspot\src\share\vm\prims\jni.cpp, line 1613]
Event: 4.342 Thread 0x000000001aea9000 Exception <a 'java/lang/NoSuchMethodError': <clinit>> (0x00000000e01eab80) thrown at [D:\src\AOSP-openjdk-cygwin\jdk8u\hotspot\src\share\vm\prims\jni.cpp, line 1613]
Event: 4.388 Thread 0x000000001aec2000 Exception <a 'java/lang/NoSuchMethodError': <clinit>> (0x00000000e035eb80) thrown at [D:\src\AOSP-openjdk-cygwin\jdk8u\hotspot\src\share\vm\prims\jni.cpp, line 1613]
Event: 4.389 Thread 0x000000001aec2000 Exception <a 'java/lang/NoSuchMethodError': <clinit>> (0x00000000e0366e08) thrown at [D:\src\AOSP-openjdk-cygwin\jdk8u\hotspot\src\share\vm\prims\jni.cpp, line 1613]

Events (10 events):
Event: 5.509 loading class org/gradle/api/internal/provider/DefaultProviderFactory
Event: 5.509 loading class org/gradle/api/internal/provider/DefaultProviderFactory done
Event: 5.510 loading class org/gradle/api/internal/file/TmpDirTemporaryFileProvider
Event: 5.510 loading class org/gradle/api/internal/file/TmpDirTemporaryFileProvider done
Event: 5.511 loading class org/gradle/api/internal/file/DefaultTemporaryFileProvider
Event: 5.511 loading class org/gradle/api/internal/file/DefaultTemporaryFileProvider done
Event: 5.511 loading class org/gradle/api/internal/file/TmpDirTemporaryFileProvider$1
Event: 5.511 loading class org/gradle/api/internal/file/TmpDirTemporaryFileProvider$1 done
Event: 5.600 loading class org/gradle/api/internal/artifacts/ivyservice/DefaultCacheLockingManager
Event: 5.600 loading class org/gradle/api/internal/artifacts/ivyservice/DefaultCacheLockingManager done


Dynamic libraries:
0x00007ff630f30000 - 0x00007ff630f61000 	C:\Program Files\Android\Android Studio\jre\bin\java.exe
0x00007ffdfda80000 - 0x00007ffdfdc60000 	C:\WINDOWS\SYSTEM32\ntdll.dll
0x00007ffdfb2f0000 - 0x00007ffdfb39e000 	C:\WINDOWS\System32\KERNEL32.DLL
0x00007ffdfac30000 - 0x00007ffdfae96000 	C:\WINDOWS\System32\KERNELBASE.dll
0x00007ffdfd6e0000 - 0x00007ffdfd781000 	C:\WINDOWS\System32\ADVAPI32.dll
0x00007ffdfc160000 - 0x00007ffdfc1fd000 	C:\WINDOWS\System32\msvcrt.dll
0x00007ffdfba40000 - 0x00007ffdfba9b000 	C:\WINDOWS\System32\sechost.dll
0x00007ffdfbb00000 - 0x00007ffdfbc1f000 	C:\WINDOWS\System32\RPCRT4.dll
0x00007ffdfd7f0000 - 0x00007ffdfd97f000 	C:\WINDOWS\System32\USER32.dll
0x00007ffdf9f80000 - 0x00007ffdf9fa0000 	C:\WINDOWS\System32\win32u.dll
0x00007ffdfbad0000 - 0x00007ffdfbaf8000 	C:\WINDOWS\System32\GDI32.dll
0x00007ffdfa8c0000 - 0x00007ffdfaa53000 	C:\WINDOWS\System32\gdi32full.dll
0x00007ffdfaae0000 - 0x00007ffdfab7b000 	C:\WINDOWS\System32\msvcp_win.dll
0x00007ffdf9e80000 - 0x00007ffdf9f76000 	C:\WINDOWS\System32\ucrtbase.dll
0x00007ffdeb6f0000 - 0x00007ffdeb959000 	C:\WINDOWS\WinSxS\amd64_microsoft.windows.common-controls_6595b64144ccf1df_6.0.16299.309_none_15cfd4c4935e6b11\COMCTL32.dll
0x00007ffdfbdf0000 - 0x00007ffdfc0f8000 	C:\WINDOWS\System32\combase.dll
0x00007ffdfaa60000 - 0x00007ffdfaad2000 	C:\WINDOWS\System32\bcryptPrimitives.dll
0x00007ffdfba00000 - 0x00007ffdfba2d000 	C:\WINDOWS\System32\IMM32.DLL
0x00000000583d0000 - 0x00000000584a2000 	C:\Program Files\Android\Android Studio\jre\jre\bin\msvcr100.dll
0x0000000057700000 - 0x0000000057f3f000 	C:\Program Files\Android\Android Studio\jre\jre\bin\server\jvm.dll
0x00007ffdfbac0000 - 0x00007ffdfbac8000 	C:\WINDOWS\System32\PSAPI.DLL
0x00007ffdee940000 - 0x00007ffdee963000 	C:\WINDOWS\SYSTEM32\WINMM.dll
0x00007ffdf4380000 - 0x00007ffdf438a000 	C:\WINDOWS\SYSTEM32\VERSION.dll
0x00007ffdec1c0000 - 0x00007ffdec1c9000 	C:\WINDOWS\SYSTEM32\WSOCK32.dll
0x00007ffdfb3a0000 - 0x00007ffdfb40c000 	C:\WINDOWS\System32\WS2_32.dll
0x00007ffdee910000 - 0x00007ffdee93a000 	C:\WINDOWS\SYSTEM32\WINMMBASE.dll
0x00007ffdfab80000 - 0x00007ffdfabca000 	C:\WINDOWS\System32\cfgmgr32.dll
0x00007ffdf5060000 - 0x00007ffdf506f000 	C:\Program Files\Android\Android Studio\jre\jre\bin\verify.dll
0x00007ffded730000 - 0x00007ffded759000 	C:\Program Files\Android\Android Studio\jre\jre\bin\java.dll
0x00007ffdccfc0000 - 0x00007ffdccfd6000 	C:\Program Files\Android\Android Studio\jre\jre\bin\zip.dll
0x00007ffdfc200000 - 0x00007ffdfd636000 	C:\WINDOWS\System32\SHELL32.dll
0x00007ffdfb240000 - 0x00007ffdfb2e6000 	C:\WINDOWS\System32\shcore.dll
0x00007ffdf9fa0000 - 0x00007ffdfa6e7000 	C:\WINDOWS\System32\windows.storage.dll
0x00007ffdfd790000 - 0x00007ffdfd7e1000 	C:\WINDOWS\System32\shlwapi.dll
0x00007ffdf9df0000 - 0x00007ffdf9e01000 	C:\WINDOWS\System32\kernel.appcore.dll
0x00007ffdf9e30000 - 0x00007ffdf9e7c000 	C:\WINDOWS\System32\powrprof.dll
0x00007ffdf9dd0000 - 0x00007ffdf9deb000 	C:\WINDOWS\System32\profapi.dll
0x00007ffdf21b0000 - 0x00007ffdf21ca000 	C:\Program Files\Android\Android Studio\jre\jre\bin\net.dll
0x00007ffdf9600000 - 0x00007ffdf9666000 	C:\WINDOWS\system32\mswsock.dll
0x00007ffdcc920000 - 0x00007ffdcc931000 	C:\Program Files\Android\Android Studio\jre\jre\bin\nio.dll
0x00007ffdf6f90000 - 0x00007ffdf6fae000 	C:\Users\Daniel\.gradle\native\25\windows-amd64\native-platform.dll
0x00007ffdf5070000 - 0x00007ffdf507d000 	C:\Program Files\Android\Android Studio\jre\jre\bin\management.dll
0x00007ffdf97c0000 - 0x00007ffdf97d7000 	C:\WINDOWS\SYSTEM32\CRYPTSP.dll
0x00007ffdf9200000 - 0x00007ffdf9233000 	C:\WINDOWS\system32\rsaenh.dll
0x00007ffdf98d0000 - 0x00007ffdf98f5000 	C:\WINDOWS\SYSTEM32\bcrypt.dll
0x00007ffdf9d00000 - 0x00007ffdf9d29000 	C:\WINDOWS\SYSTEM32\USERENV.dll
0x00007ffdf97e0000 - 0x00007ffdf97eb000 	C:\WINDOWS\SYSTEM32\CRYPTBASE.dll
0x00007ffdf9390000 - 0x00007ffdf93c9000 	C:\WINDOWS\SYSTEM32\IPHLPAPI.DLL
0x00007ffdfba30000 - 0x00007ffdfba38000 	C:\WINDOWS\System32\NSI.dll
0x00007ffdf2370000 - 0x00007ffdf2386000 	C:\WINDOWS\SYSTEM32\dhcpcsvc6.DLL
0x00007ffdf2350000 - 0x00007ffdf236a000 	C:\WINDOWS\SYSTEM32\dhcpcsvc.DLL

VM Arguments:
jvm_args: -Xmx1536m -Dfile.encoding=windows-1252 -Duser.country=419 -Duser.language=es -Duser.variant 
java_command: org.gradle.launcher.daemon.bootstrap.GradleDaemon 4.4
java_class_path (initial): C:\Users\Daniel\.gradle\wrapper\dists\gradle-4.4-all\9br9xq1tocpiv8o6njlyu5op1\gradle-4.4\lib\gradle-launcher-4.4.jar
Launcher Type: SUN_STANDARD

Environment Variables:
PATH=C:\oracle\product\10.2.0\db_3\bin;C:\oracle\product\10.2.0\db_2\bin;C:\oracle\product\10.2.0\db_1\bin;C:\oracle\product\10.2.0\db_4\bin;C:\ProgramData\Oracle\Java\javapath;C:\Program Files\Microsoft MPI\Bin\;C:\Program Files\Broadcom\Broadcom 802.11 Network Adapter;C:\Program Files\MiKTeX 2.9\miktex\bin\x64\;C:\Program Files\PuTTY\;C:\Program Files (x86)\Common Files\Acronis\SnapAPI\;C:\Program Files\Microsoft SQL Server\130\Tools\Binn\;C:\WINDOWS\system32;C:\WINDOWS;C:\WINDOWS\System32\Wbem;C:\WINDOWS\System32\WindowsPowerShell\v1.0\;C:\Program Files (x86)\Microsoft SQL Server\110\DTS\Binn\;C:\Program Files (x86)\Microsoft SQL Server\120\DTS\Binn\;C:\Program Files (x86)\Microsoft SQL Server\130\DTS\Binn\;C:\Program Files (x86)\Microsoft SQL Server\140\DTS\Binn\;C:\Program Files\nodejs\;C:\Users\Daniel\AppData\Local\Microsoft\WindowsApps;C:\Users\Daniel\AppData\Local\atom\bin;C:\Users\Daniel\AppData\Local\GitHubDesktop\bin;C:\Users\Daniel\AppData\Roaming\npm;%USERPROFILE%\AppData\Local\Microsoft\WindowsApps;
USERNAME=Daniel
OS=Windows_NT
PROCESSOR_IDENTIFIER=Intel64 Family 6 Model 58 Stepping 9, GenuineIntel



---------------  S Y S T E M  ---------------

OS: Windows 10.0 , 64 bit Build 16299 (10.0.16299.15)

CPU:total 4 (initial active 4) (2 cores per cpu, 2 threads per core) family 6 model 58 stepping 9, cmov, cx8, fxsr, mmx, sse, sse2, sse3, ssse3, sse4.1, sse4.2, popcnt, avx, aes, clmul, erms, ht, tsc, tscinvbit, tscinv

Memory: 4k page, physical 8264500k(1859200k free), swap 8264500k(173240k free)

vm_info: OpenJDK 64-Bit Server VM (25.152-b02) for windows-amd64 JRE (1.8.0_152-release-1024-b02), built by "builder" with MS VC++ 10.0 (VS2010)

time: Wed Apr 11 10:28:36 2018
elapsed time: 5 seconds (0d 0h 0m 5s)

